<?xml version="1.0" encoding="UTF-8"?>
<coverage generated="1695801425541" clover="3.2.0">
  <project timestamp="1695801425541" name="All files">
    <metrics statements="19" coveredstatements="17" conditionals="5" coveredconditionals="4" methods="2" coveredmethods="2" elements="26" coveredelements="23" complexity="0" loc="19" ncloc="19" packages="1" files="2" classes="2"/>
    <file name="fetchBreedList.js" path="/Users/sandeep/Documents/github/React-v18/src/fetchBreedList.js">
      <metrics statements="12" coveredstatements="10" conditionals="2" coveredconditionals="1" methods="1" coveredmethods="1"/>
      <line num="1" count="1" type="cond" truecount="1" falsecount="0"/>
      <line num="2" count="1" type="stmt"/>
      <line num="3" count="1" type="stmt"/>
      <line num="4" count="1" type="stmt"/>
      <line num="5" count="1" type="stmt"/>
      <line num="6" count="1" type="cond" truecount="0" falsecount="1"/>
      <line num="7" count="0" type="stmt"/>
      <line num="8" count="0" type="stmt"/>
      <line num="9" count="1" type="stmt"/>
      <line num="10" count="1" type="stmt"/>
      <line num="11" count="1" type="stmt"/>
      <line num="12" count="1" type="stmt"/>
    </file>
    <file name="useBreedList.js" path="/Users/sandeep/Documents/github/React-v18/src/useBreedList.js">
      <metrics statements="7" coveredstatements="7" conditionals="3" coveredconditionals="3" methods="1" coveredmethods="1"/>
      <line num="1" count="1" type="stmt"/>
      <line num="2" count="1" type="stmt"/>
      <line num="3" count="1" type="stmt"/>
      <line num="4" count="1" type="cond" truecount="1" falsecount="0"/>
      <line num="5" count="2" type="stmt"/>
      <line num="6" count="2" type="cond" truecount="2" falsecount="0"/>
      <line num="7" count="2" type="stmt"/>
    </file>
  </project>
</coverage>
