{"/Users/sandeep/Documents/github/React-v18/src/fetchBreedList.js": {"path":"/Users/sandeep/Documents/github/React-v18/src/fetchBreedList.js","all":false,"statementMap":{"0":{"start":{"line":1,"column":0},"end":{"line":1,"column":48}},"1":{"start":{"line":2,"column":0},"end":{"line":2,"column":29}},"2":{"start":{"line":3,"column":0},"end":{"line":3,"column":26}},"3":{"start":{"line":4,"column":0},"end":{"line":4,"column":58}},"4":{"start":{"line":5,"column":0},"end":{"line":5,"column":4}},"5":{"start":{"line":6,"column":0},"end":{"line":6,"column":16}},"6":{"start":{"line":7,"column":0},"end":{"line":7,"column":57}},"7":{"start":{"line":8,"column":0},"end":{"line":8,"column":3}},"8":{"start":{"line":9,"column":0},"end":{"line":9,"column":20}},"9":{"start":{"line":10,"column":0},"end":{"line":10,"column":2}},"10":{"start":{"line":11,"column":0},"end":{"line":11,"column":0}},"11":{"start":{"line":12,"column":0},"end":{"line":12,"column":30}}},"s":{"0":1,"1":1,"2":1,"3":1,"4":1,"5":1,"6":0,"7":0,"8":1,"9":1,"10":1,"11":1},"branchMap":{"0":{"type":"branch","line":1,"loc":{"start":{"line":1,"column":23},"end":{"line":10,"column":2}},"locations":[{"start":{"line":1,"column":23},"end":{"line":10,"column":2}}]},"1":{"type":"branch","line":6,"loc":{"start":{"line":6,"column":15},"end":{"line":8,"column":3}},"locations":[{"start":{"line":6,"column":15},"end":{"line":8,"column":3}}]}},"b":{"0":[1],"1":[0]},"fnMap":{"0":{"name":"fetchBreedList","decl":{"start":{"line":1,"column":23},"end":{"line":10,"column":2}},"loc":{"start":{"line":1,"column":23},"end":{"line":10,"column":2}},"line":1}},"f":{"0":1}}
,"/Users/sandeep/Documents/github/React-v18/src/useBreedList.js": {"path":"/Users/sandeep/Documents/github/React-v18/src/useBreedList.js","all":false,"statementMap":{"0":{"start":{"line":1,"column":0},"end":{"line":1,"column":139}},"1":{"start":{"line":2,"column":0},"end":{"line":2,"column":48}},"2":{"start":{"line":3,"column":0},"end":{"line":3,"column":0}},"3":{"start":{"line":4,"column":0},"end":{"line":4,"column":46}},"4":{"start":{"line":5,"column":0},"end":{"line":5,"column":62}},"5":{"start":{"line":6,"column":0},"end":{"line":6,"column":53}},"6":{"start":{"line":7,"column":0},"end":{"line":7,"column":1}}},"s":{"0":1,"1":1,"2":1,"3":1,"4":2,"5":2,"6":2},"branchMap":{"0":{"type":"branch","line":4,"loc":{"start":{"line":4,"column":15},"end":{"line":7,"column":1}},"locations":[{"start":{"line":4,"column":15},"end":{"line":7,"column":1}}]},"1":{"type":"branch","line":6,"loc":{"start":{"line":6,"column":22},"end":{"line":6,"column":30}},"locations":[{"start":{"line":6,"column":22},"end":{"line":6,"column":30}}]},"2":{"type":"branch","line":6,"loc":{"start":{"line":6,"column":31},"end":{"line":6,"column":36}},"locations":[{"start":{"line":6,"column":31},"end":{"line":6,"column":36}}]}},"b":{"0":[2],"1":[1],"2":[1]},"fnMap":{"0":{"name":"useBreedList","decl":{"start":{"line":4,"column":15},"end":{"line":7,"column":1}},"loc":{"start":{"line":4,"column":15},"end":{"line":7,"column":1}},"line":4}},"f":{"0":2}}
}
